<?xml version="1.0" encoding="UTF-8"?>
<!-- Generated by org.testng.reporters.JUnitReportReporter -->
<testsuite hostname="DESKTOP-83NJHM7" failures="0" tests="4" name="com.datadriven.DatadrivenTest" time="18.916" errors="0" timestamp="2022-09-28T21:51:26 IST" skipped="0">
  <testcase classname="com.datadriven.DatadrivenTest" name="loginTest" time="1.562"/>
  <system-out/>
  <testcase classname="com.datadriven.DatadrivenTest" name="loginTest" time="1.576"/>
  <system-out/>
  <testcase classname="com.datadriven.DatadrivenTest" name="loginTest" time="1.715"/>
  <system-out/>
  <testcase classname="com.datadriven.DatadrivenTest" name="loginTest" time="14.063"/>
  <system-out/>
</testsuite> <!-- com.datadriven.DatadrivenTest -->
